[ 2025-02-03 16:49:11,182 ] 184 root - INFO - Starting data quality checks...
[ 2025-02-03 16:49:11,200 ] 121 root - ERROR - Invalid date detected in 'farmer_payment_date': Rows [0, 1, 2, 3, 4, 5, 6, 7, 8, 9, 10, 11, 12, 13, 14, 15, 16, 17, 18, 19]
[ 2025-02-03 16:49:11,202 ] 121 root - ERROR - Invalid date detected in 'contract_date': Rows [0, 1, 2, 3, 4, 5, 6, 7, 8, 9, 10, 11, 12, 13, 14, 15, 16, 17, 18, 19, 20, 21, 22, 23, 24, 25, 26, 27, 28, 29, 30, 31, 32, 33, 34, 35, 36, 37, 38, 39, 40, 41, 42, 43, 44, 45, 46, 47, 48, 49, 50, 51, 52, 53, 54]
[ 2025-02-03 16:49:11,203 ] 121 root - ERROR - Invalid date detected in 'plantation_date': Rows [0, 1, 2, 3, 4, 5, 6, 7, 8, 9, 10, 11, 12, 13, 14, 15, 16, 17, 18, 19, 20, 21, 22, 23, 24, 25, 26, 27, 30, 31, 32, 33, 34, 35, 36, 37, 38, 39, 40, 41, 42, 43, 44, 45, 46, 47, 48, 49, 50, 51, 52, 53, 54]
[ 2025-02-03 16:49:11,205 ] 121 root - ERROR - Invalid date detected in 'cc_training_date': Rows [0, 1, 2, 3, 4, 5, 6, 7, 8, 9, 10, 11, 12, 13, 14, 15, 16, 17, 18, 19, 20, 21, 22, 23, 24, 25, 26, 27, 28, 29, 30, 31, 32, 33, 34, 35, 36, 37, 38, 39, 40, 41, 42, 43, 44, 45, 46, 47, 48, 49, 50, 51, 52, 53, 54]
[ 2025-02-03 16:49:11,223 ] 53 root - ERROR - Land area inconsistencies found:    farmer_name  total_land_area_acre
1     farmer_c                     5
20    farmer_v                     5
48    farmer_\x92                     8
[ 2025-02-03 16:49:11,234 ] 133 root - ERROR - Contract uploaded but payment not collected:    farmer_name
20    farmer_v
21    farmer_w
22    farmer_x
23    farmer_y
24    farmer_z
25    farmer_{
26    farmer_|
27    farmer_}
28    farmer_~
29    farmer_
30    farmer_\x80
31    farmer_\x81
32    farmer_\x82
33    farmer_\x83
34    farmer_\x84
35    farmer_\x85
36    farmer_\x86
37    farmer_\x87
38    farmer_\x88
39    farmer_\x89
40    farmer_\x8a
41    farmer_\x8b
42    farmer_\x8c
43    farmer_\x8d
44    farmer_\x8e
45    farmer_\x8f
46    farmer_\x90
47    farmer_\x91
48    farmer_\x92
49    farmer_\x93
50    farmer_\x94
51    farmer_\x95
52    farmer_\x96
53    farmer_\x97
54    farmer_\x98
[ 2025-02-03 16:49:11,243 ] 140 root - ERROR - Invalid trees planted count:    farmer_name  trees_planted
1     farmer_c            518
2     farmer_d            660
3     farmer_e           1100
4     farmer_f            895
6     farmer_h            738
7     farmer_i           1453
10    farmer_l            525
11    farmer_m            458
12    farmer_n            146
13    farmer_o            505
15    farmer_q            543
18    farmer_t            273
19    farmer_u            630
20    farmer_v            700
22    farmer_x            572
23    farmer_y           1200
24    farmer_z           1600
25    farmer_{            700
26    farmer_|            483
27    farmer_}            500
28    farmer_~            700
31    farmer_\x81            800
32    farmer_\x82            920
33    farmer_\x83            550
34    farmer_\x84           2220
35    farmer_\x85            800
36    farmer_\x86           2950
38    farmer_\x88            507
40    farmer_\x8a            600
42    farmer_\x8c            844
43    farmer_\x8d            544
44    farmer_\x8e            607
45    farmer_\x8f           1110
46    farmer_\x90            555
47    farmer_\x91            647
50    farmer_\x94            621
51    farmer_\x95            178
52    farmer_\x96            907
53    farmer_\x97            514
54    farmer_\x98            342
[ 2025-02-03 16:49:11,253 ] 158 root - ERROR - Species count mismatch:    farmer_name  total_species_distributed  trees_planted
0     farmer_b                        371            370
1     farmer_c                        509            518
2     farmer_d                        662            660
3     farmer_e                       1094           1100
5     farmer_g                        377            375
10    farmer_l                        523            525
14    farmer_p                        367            407
18    farmer_t                        271            273
19    farmer_u                        625            630
20    farmer_v                        736            700
21    farmer_w                        380            350
22    farmer_x                        542            572
23    farmer_y                       1165           1200
24    farmer_z                       1571           1600
25    farmer_{                        681            700
26    farmer_|                        466            483
27    farmer_}                        678            500
28    farmer_~                        680            700
31    farmer_\x81                        766            800
35    farmer_\x85                        766            800
38    farmer_\x88                        481            507
39    farmer_\x89                        386            400
42    farmer_\x8c                        592            844
43    farmer_\x8d                        481            544
44    farmer_\x8e                        350            607
48    farmer_\x92                        401            420
49    farmer_\x93                        389            415
50    farmer_\x94                        588            621
51    farmer_\x95                        166            178
[ 2025-02-03 16:49:11,275 ] 167 root - INFO - Failed data saved to artifacts/failed_data.csv
[ 2025-02-03 16:49:11,276 ] 171 root - INFO - Removed 55 invalid records from the clean dataset.
[ 2025-02-03 16:49:11,280 ] 179 root - INFO - Clean data saved to artifacts/cleaned_data.csv
[ 2025-02-03 16:49:11,280 ] 197 root - INFO - Data quality checks completed.
[ 2025-02-03 16:51:34,980 ] 184 root - INFO - Starting data quality checks...
[ 2025-02-03 16:51:34,986 ] 121 root - ERROR - Invalid date detected in 'farmer_payment_date': Rows [0, 1, 2, 3, 4, 5, 6, 7, 8, 9, 10, 11, 12, 13, 14, 15, 16, 17, 18, 19]
[ 2025-02-03 16:51:34,988 ] 121 root - ERROR - Invalid date detected in 'contract_date': Rows [0, 1, 2, 3, 4, 5, 6, 7, 8, 9, 10, 11, 12, 13, 14, 15, 16, 17, 18, 19, 20, 21, 22, 23, 24, 25, 26, 27, 28, 29, 30, 31, 32, 33, 34, 35, 36, 37, 38, 39, 40, 41, 42, 43, 44, 45, 46, 47, 48, 49, 50, 51, 52, 53, 54]
[ 2025-02-03 16:51:34,990 ] 121 root - ERROR - Invalid date detected in 'plantation_date': Rows [0, 1, 2, 3, 4, 5, 6, 7, 8, 9, 10, 11, 12, 13, 14, 15, 16, 17, 18, 19, 20, 21, 22, 23, 24, 25, 26, 27, 30, 31, 32, 33, 34, 35, 36, 37, 38, 39, 40, 41, 42, 43, 44, 45, 46, 47, 48, 49, 50, 51, 52, 53, 54]
[ 2025-02-03 16:51:34,993 ] 121 root - ERROR - Invalid date detected in 'cc_training_date': Rows [0, 1, 2, 3, 4, 5, 6, 7, 8, 9, 10, 11, 12, 13, 14, 15, 16, 17, 18, 19, 20, 21, 22, 23, 24, 25, 26, 27, 28, 29, 30, 31, 32, 33, 34, 35, 36, 37, 38, 39, 40, 41, 42, 43, 44, 45, 46, 47, 48, 49, 50, 51, 52, 53, 54]
[ 2025-02-03 16:51:35,000 ] 53 root - ERROR - Land area inconsistencies found:    farmer_name  total_land_area_acre
1     farmer_c                     5
20    farmer_v                     5
48    farmer_\x92                     8
[ 2025-02-03 16:51:35,009 ] 133 root - ERROR - Contract uploaded but payment not collected:    farmer_name
20    farmer_v
21    farmer_w
22    farmer_x
23    farmer_y
24    farmer_z
25    farmer_{
26    farmer_|
27    farmer_}
28    farmer_~
29    farmer_
30    farmer_\x80
31    farmer_\x81
32    farmer_\x82
33    farmer_\x83
34    farmer_\x84
35    farmer_\x85
36    farmer_\x86
37    farmer_\x87
38    farmer_\x88
39    farmer_\x89
40    farmer_\x8a
41    farmer_\x8b
42    farmer_\x8c
43    farmer_\x8d
44    farmer_\x8e
45    farmer_\x8f
46    farmer_\x90
47    farmer_\x91
48    farmer_\x92
49    farmer_\x93
50    farmer_\x94
51    farmer_\x95
52    farmer_\x96
53    farmer_\x97
54    farmer_\x98
[ 2025-02-03 16:51:35,017 ] 140 root - ERROR - Invalid trees planted count:    farmer_name  trees_planted
1     farmer_c            518
2     farmer_d            660
3     farmer_e           1100
4     farmer_f            895
6     farmer_h            738
7     farmer_i           1453
10    farmer_l            525
11    farmer_m            458
12    farmer_n            146
13    farmer_o            505
15    farmer_q            543
18    farmer_t            273
19    farmer_u            630
20    farmer_v            700
22    farmer_x            572
23    farmer_y           1200
24    farmer_z           1600
25    farmer_{            700
26    farmer_|            483
27    farmer_}            500
28    farmer_~            700
31    farmer_\x81            800
32    farmer_\x82            920
33    farmer_\x83            550
34    farmer_\x84           2220
35    farmer_\x85            800
36    farmer_\x86           2950
38    farmer_\x88            507
40    farmer_\x8a            600
42    farmer_\x8c            844
43    farmer_\x8d            544
44    farmer_\x8e            607
45    farmer_\x8f           1110
46    farmer_\x90            555
47    farmer_\x91            647
50    farmer_\x94            621
51    farmer_\x95            178
52    farmer_\x96            907
53    farmer_\x97            514
54    farmer_\x98            342
[ 2025-02-03 16:51:35,026 ] 158 root - ERROR - Species count mismatch:    farmer_name  total_species_distributed  trees_planted
0     farmer_b                        371            370
1     farmer_c                        509            518
2     farmer_d                        662            660
3     farmer_e                       1094           1100
5     farmer_g                        377            375
10    farmer_l                        523            525
14    farmer_p                        367            407
18    farmer_t                        271            273
19    farmer_u                        625            630
20    farmer_v                        736            700
21    farmer_w                        380            350
22    farmer_x                        542            572
23    farmer_y                       1165           1200
24    farmer_z                       1571           1600
25    farmer_{                        681            700
26    farmer_|                        466            483
27    farmer_}                        678            500
28    farmer_~                        680            700
31    farmer_\x81                        766            800
35    farmer_\x85                        766            800
38    farmer_\x88                        481            507
39    farmer_\x89                        386            400
42    farmer_\x8c                        592            844
43    farmer_\x8d                        481            544
44    farmer_\x8e                        350            607
48    farmer_\x92                        401            420
49    farmer_\x93                        389            415
50    farmer_\x94                        588            621
51    farmer_\x95                        166            178
[ 2025-02-03 16:51:35,031 ] 167 root - INFO - Failed data saved to artifacts/failed_data.csv
[ 2025-02-03 16:51:35,032 ] 171 root - INFO - Removed 55 invalid records from the clean dataset.
[ 2025-02-03 16:51:35,035 ] 179 root - INFO - Clean data saved to artifacts/cleaned_data.csv
[ 2025-02-03 16:51:35,035 ] 197 root - INFO - Data quality checks completed.
[ 2025-02-03 16:52:25,204 ] 184 root - INFO - Starting data quality checks...
[ 2025-02-03 16:52:25,206 ] 121 root - ERROR - Invalid date detected in 'farmer_payment_date': Rows [0, 1, 2, 3, 4, 5, 6, 7, 8, 9, 10, 11, 12, 13, 14, 15, 16, 17, 18, 19]
[ 2025-02-03 16:52:25,207 ] 121 root - ERROR - Invalid date detected in 'contract_date': Rows [0, 1, 2, 3, 4, 5, 6, 7, 8, 9, 10, 11, 12, 13, 14, 15, 16, 17, 18, 19, 20, 21, 22, 23, 24, 25, 26, 27, 28, 29, 30, 31, 32, 33, 34, 35, 36, 37, 38, 39, 40, 41, 42, 43, 44, 45, 46, 47, 48, 49, 50, 51, 52, 53, 54]
[ 2025-02-03 16:52:25,207 ] 121 root - ERROR - Invalid date detected in 'plantation_date': Rows [0, 1, 2, 3, 4, 5, 6, 7, 8, 9, 10, 11, 12, 13, 14, 15, 16, 17, 18, 19, 20, 21, 22, 23, 24, 25, 26, 27, 30, 31, 32, 33, 34, 35, 36, 37, 38, 39, 40, 41, 42, 43, 44, 45, 46, 47, 48, 49, 50, 51, 52, 53, 54]
[ 2025-02-03 16:52:25,208 ] 121 root - ERROR - Invalid date detected in 'cc_training_date': Rows [0, 1, 2, 3, 4, 5, 6, 7, 8, 9, 10, 11, 12, 13, 14, 15, 16, 17, 18, 19, 20, 21, 22, 23, 24, 25, 26, 27, 28, 29, 30, 31, 32, 33, 34, 35, 36, 37, 38, 39, 40, 41, 42, 43, 44, 45, 46, 47, 48, 49, 50, 51, 52, 53, 54]
[ 2025-02-03 16:52:25,211 ] 53 root - ERROR - Land area inconsistencies found:    farmer_name  total_land_area_acre
1     farmer_c                     5
20    farmer_v                     5
48    farmer_\x92                     8
[ 2025-02-03 16:52:25,215 ] 133 root - ERROR - Contract uploaded but payment not collected:    farmer_name
20    farmer_v
21    farmer_w
22    farmer_x
23    farmer_y
24    farmer_z
25    farmer_{
26    farmer_|
27    farmer_}
28    farmer_~
29    farmer_
30    farmer_\x80
31    farmer_\x81
32    farmer_\x82
33    farmer_\x83
34    farmer_\x84
35    farmer_\x85
36    farmer_\x86
37    farmer_\x87
38    farmer_\x88
39    farmer_\x89
40    farmer_\x8a
41    farmer_\x8b
42    farmer_\x8c
43    farmer_\x8d
44    farmer_\x8e
45    farmer_\x8f
46    farmer_\x90
47    farmer_\x91
48    farmer_\x92
49    farmer_\x93
50    farmer_\x94
51    farmer_\x95
52    farmer_\x96
53    farmer_\x97
54    farmer_\x98
[ 2025-02-03 16:52:25,219 ] 140 root - ERROR - Invalid trees planted count:    farmer_name  trees_planted
1     farmer_c            518
2     farmer_d            660
3     farmer_e           1100
4     farmer_f            895
6     farmer_h            738
7     farmer_i           1453
10    farmer_l            525
11    farmer_m            458
12    farmer_n            146
13    farmer_o            505
15    farmer_q            543
18    farmer_t            273
19    farmer_u            630
20    farmer_v            700
22    farmer_x            572
23    farmer_y           1200
24    farmer_z           1600
25    farmer_{            700
26    farmer_|            483
27    farmer_}            500
28    farmer_~            700
31    farmer_\x81            800
32    farmer_\x82            920
33    farmer_\x83            550
34    farmer_\x84           2220
35    farmer_\x85            800
36    farmer_\x86           2950
38    farmer_\x88            507
40    farmer_\x8a            600
42    farmer_\x8c            844
43    farmer_\x8d            544
44    farmer_\x8e            607
45    farmer_\x8f           1110
46    farmer_\x90            555
47    farmer_\x91            647
50    farmer_\x94            621
51    farmer_\x95            178
52    farmer_\x96            907
53    farmer_\x97            514
54    farmer_\x98            342
[ 2025-02-03 16:52:25,223 ] 158 root - ERROR - Species count mismatch:    farmer_name  total_species_distributed  trees_planted
0     farmer_b                        371            370
1     farmer_c                        509            518
2     farmer_d                        662            660
3     farmer_e                       1094           1100
5     farmer_g                        377            375
10    farmer_l                        523            525
14    farmer_p                        367            407
18    farmer_t                        271            273
19    farmer_u                        625            630
20    farmer_v                        736            700
21    farmer_w                        380            350
22    farmer_x                        542            572
23    farmer_y                       1165           1200
24    farmer_z                       1571           1600
25    farmer_{                        681            700
26    farmer_|                        466            483
27    farmer_}                        678            500
28    farmer_~                        680            700
31    farmer_\x81                        766            800
35    farmer_\x85                        766            800
38    farmer_\x88                        481            507
39    farmer_\x89                        386            400
42    farmer_\x8c                        592            844
43    farmer_\x8d                        481            544
44    farmer_\x8e                        350            607
48    farmer_\x92                        401            420
49    farmer_\x93                        389            415
50    farmer_\x94                        588            621
51    farmer_\x95                        166            178
[ 2025-02-03 16:52:25,226 ] 167 root - INFO - Failed data saved to artifacts/failed_data.csv
[ 2025-02-03 16:52:25,226 ] 171 root - INFO - Removed 55 invalid records from the clean dataset.
[ 2025-02-03 16:52:25,227 ] 179 root - INFO - Clean data saved to artifacts/cleaned_data.csv
[ 2025-02-03 16:52:25,227 ] 197 root - INFO - Data quality checks completed.
[ 2025-02-03 16:58:32,326 ] 98 root - INFO - Displaying Data Table with Top 10 Rows
[ 2025-02-03 16:58:32,329 ] 184 root - INFO - Starting data quality checks...
[ 2025-02-03 16:58:32,331 ] 121 root - ERROR - Invalid date detected in 'farmer_payment_date': Rows [0, 1, 2, 3, 4, 5, 6, 7, 8, 9, 10, 11, 12, 13, 14, 15, 16, 17, 18, 19]
[ 2025-02-03 16:58:32,332 ] 121 root - ERROR - Invalid date detected in 'contract_date': Rows [0, 1, 2, 3, 4, 5, 6, 7, 8, 9, 10, 11, 12, 13, 14, 15, 16, 17, 18, 19, 20, 21, 22, 23, 24, 25, 26, 27, 28, 29, 30, 31, 32, 33, 34, 35, 36, 37, 38, 39, 40, 41, 42, 43, 44, 45, 46, 47, 48, 49, 50, 51, 52, 53, 54]
[ 2025-02-03 16:58:32,333 ] 121 root - ERROR - Invalid date detected in 'plantation_date': Rows [0, 1, 2, 3, 4, 5, 6, 7, 8, 9, 10, 11, 12, 13, 14, 15, 16, 17, 18, 19, 20, 21, 22, 23, 24, 25, 26, 27, 30, 31, 32, 33, 34, 35, 36, 37, 38, 39, 40, 41, 42, 43, 44, 45, 46, 47, 48, 49, 50, 51, 52, 53, 54]
[ 2025-02-03 16:58:32,334 ] 121 root - ERROR - Invalid date detected in 'cc_training_date': Rows [0, 1, 2, 3, 4, 5, 6, 7, 8, 9, 10, 11, 12, 13, 14, 15, 16, 17, 18, 19, 20, 21, 22, 23, 24, 25, 26, 27, 28, 29, 30, 31, 32, 33, 34, 35, 36, 37, 38, 39, 40, 41, 42, 43, 44, 45, 46, 47, 48, 49, 50, 51, 52, 53, 54]
[ 2025-02-03 16:58:32,337 ] 53 root - ERROR - Land area inconsistencies found:    farmer_name  total_land_area_acre
1     farmer_c                     5
20    farmer_v                     5
48    farmer_\x92                     8
[ 2025-02-03 16:58:32,341 ] 133 root - ERROR - Contract uploaded but payment not collected:    farmer_name
20    farmer_v
21    farmer_w
22    farmer_x
23    farmer_y
24    farmer_z
25    farmer_{
26    farmer_|
27    farmer_}
28    farmer_~
29    farmer_
30    farmer_\x80
31    farmer_\x81
32    farmer_\x82
33    farmer_\x83
34    farmer_\x84
35    farmer_\x85
36    farmer_\x86
37    farmer_\x87
38    farmer_\x88
39    farmer_\x89
40    farmer_\x8a
41    farmer_\x8b
42    farmer_\x8c
43    farmer_\x8d
44    farmer_\x8e
45    farmer_\x8f
46    farmer_\x90
47    farmer_\x91
48    farmer_\x92
49    farmer_\x93
50    farmer_\x94
51    farmer_\x95
52    farmer_\x96
53    farmer_\x97
54    farmer_\x98
[ 2025-02-03 16:58:32,345 ] 140 root - ERROR - Invalid trees planted count:    farmer_name  trees_planted
1     farmer_c            518
2     farmer_d            660
3     farmer_e           1100
4     farmer_f            895
6     farmer_h            738
7     farmer_i           1453
10    farmer_l            525
11    farmer_m            458
12    farmer_n            146
13    farmer_o            505
15    farmer_q            543
18    farmer_t            273
19    farmer_u            630
20    farmer_v            700
22    farmer_x            572
23    farmer_y           1200
24    farmer_z           1600
25    farmer_{            700
26    farmer_|            483
27    farmer_}            500
28    farmer_~            700
31    farmer_\x81            800
32    farmer_\x82            920
33    farmer_\x83            550
34    farmer_\x84           2220
35    farmer_\x85            800
36    farmer_\x86           2950
38    farmer_\x88            507
40    farmer_\x8a            600
42    farmer_\x8c            844
43    farmer_\x8d            544
44    farmer_\x8e            607
45    farmer_\x8f           1110
46    farmer_\x90            555
47    farmer_\x91            647
50    farmer_\x94            621
51    farmer_\x95            178
52    farmer_\x96            907
53    farmer_\x97            514
54    farmer_\x98            342
[ 2025-02-03 16:58:32,349 ] 158 root - ERROR - Species count mismatch:    farmer_name  total_species_distributed  trees_planted
0     farmer_b                        371            370
1     farmer_c                        509            518
2     farmer_d                        662            660
3     farmer_e                       1094           1100
5     farmer_g                        377            375
10    farmer_l                        523            525
14    farmer_p                        367            407
18    farmer_t                        271            273
19    farmer_u                        625            630
20    farmer_v                        736            700
21    farmer_w                        380            350
22    farmer_x                        542            572
23    farmer_y                       1165           1200
24    farmer_z                       1571           1600
25    farmer_{                        681            700
26    farmer_|                        466            483
27    farmer_}                        678            500
28    farmer_~                        680            700
31    farmer_\x81                        766            800
35    farmer_\x85                        766            800
38    farmer_\x88                        481            507
39    farmer_\x89                        386            400
42    farmer_\x8c                        592            844
43    farmer_\x8d                        481            544
44    farmer_\x8e                        350            607
48    farmer_\x92                        401            420
49    farmer_\x93                        389            415
50    farmer_\x94                        588            621
51    farmer_\x95                        166            178
[ 2025-02-03 16:58:32,353 ] 167 root - INFO - Failed data saved to artifacts/failed_data.csv
[ 2025-02-03 16:58:32,353 ] 171 root - INFO - Removed 55 invalid records from the clean dataset.
[ 2025-02-03 16:58:32,355 ] 179 root - INFO - Clean data saved to artifacts/cleaned_data.csv
[ 2025-02-03 16:58:32,355 ] 197 root - INFO - Data quality checks completed.
[ 2025-02-03 16:58:32,358 ] 11 root - INFO - Plotting Total Land Area vs Plantation Area
[ 2025-02-03 16:58:32,497 ] 22 root - INFO - Plotting Water and Electricity Availability Distribution
[ 2025-02-03 16:58:32,752 ] 48 root - INFO - Plotting Plantation Trend Over Time
[ 2025-02-03 16:58:33,391 ] 126 root - INFO - Plotting Top 5 Tree Species Planted
[ 2025-02-03 16:58:33,754 ] 101 root - INFO - Plotting Payment Distribution among Farmers
[ 2025-02-03 16:58:33,963 ] 77 root - INFO - Calculating Amount Collected by Each Mode
[ 2025-02-03 16:58:34,290 ] 155 root - INFO - Plotting CC Training Distribution
[ 2025-02-03 16:58:44,799 ] 184 root - INFO - Starting data quality checks...
[ 2025-02-03 16:58:44,806 ] 121 root - ERROR - Invalid date detected in 'farmer_payment_date': Rows [0, 1, 2, 3, 4, 5, 6, 7, 8, 9, 10, 11, 12, 13, 14, 15, 16, 17, 18, 19]
[ 2025-02-03 16:58:44,808 ] 121 root - ERROR - Invalid date detected in 'contract_date': Rows [0, 1, 2, 3, 4, 5, 6, 7, 8, 9, 10, 11, 12, 13, 14, 15, 16, 17, 18, 19, 20, 21, 22, 23, 24, 25, 26, 27, 28, 29, 30, 31, 32, 33, 34, 35, 36, 37, 38, 39, 40, 41, 42, 43, 44, 45, 46, 47, 48, 49, 50, 51, 52, 53, 54]
[ 2025-02-03 16:58:44,810 ] 121 root - ERROR - Invalid date detected in 'plantation_date': Rows [0, 1, 2, 3, 4, 5, 6, 7, 8, 9, 10, 11, 12, 13, 14, 15, 16, 17, 18, 19, 20, 21, 22, 23, 24, 25, 26, 27, 30, 31, 32, 33, 34, 35, 36, 37, 38, 39, 40, 41, 42, 43, 44, 45, 46, 47, 48, 49, 50, 51, 52, 53, 54]
[ 2025-02-03 16:58:44,812 ] 121 root - ERROR - Invalid date detected in 'cc_training_date': Rows [0, 1, 2, 3, 4, 5, 6, 7, 8, 9, 10, 11, 12, 13, 14, 15, 16, 17, 18, 19, 20, 21, 22, 23, 24, 25, 26, 27, 28, 29, 30, 31, 32, 33, 34, 35, 36, 37, 38, 39, 40, 41, 42, 43, 44, 45, 46, 47, 48, 49, 50, 51, 52, 53, 54]
[ 2025-02-03 16:58:44,821 ] 53 root - ERROR - Land area inconsistencies found:    farmer_name  total_land_area_acre
1     farmer_c                     5
20    farmer_v                     5
48    farmer_\x92                     8
[ 2025-02-03 16:58:44,833 ] 133 root - ERROR - Contract uploaded but payment not collected:    farmer_name
20    farmer_v
21    farmer_w
22    farmer_x
23    farmer_y
24    farmer_z
25    farmer_{
26    farmer_|
27    farmer_}
28    farmer_~
29    farmer_
30    farmer_\x80
31    farmer_\x81
32    farmer_\x82
33    farmer_\x83
34    farmer_\x84
35    farmer_\x85
36    farmer_\x86
37    farmer_\x87
38    farmer_\x88
39    farmer_\x89
40    farmer_\x8a
41    farmer_\x8b
42    farmer_\x8c
43    farmer_\x8d
44    farmer_\x8e
45    farmer_\x8f
46    farmer_\x90
47    farmer_\x91
48    farmer_\x92
49    farmer_\x93
50    farmer_\x94
51    farmer_\x95
52    farmer_\x96
53    farmer_\x97
54    farmer_\x98
[ 2025-02-03 16:58:44,843 ] 140 root - ERROR - Invalid trees planted count:    farmer_name  trees_planted
1     farmer_c            518
2     farmer_d            660
3     farmer_e           1100
4     farmer_f            895
6     farmer_h            738
7     farmer_i           1453
10    farmer_l            525
11    farmer_m            458
12    farmer_n            146
13    farmer_o            505
15    farmer_q            543
18    farmer_t            273
19    farmer_u            630
20    farmer_v            700
22    farmer_x            572
23    farmer_y           1200
24    farmer_z           1600
25    farmer_{            700
26    farmer_|            483
27    farmer_}            500
28    farmer_~            700
31    farmer_\x81            800
32    farmer_\x82            920
33    farmer_\x83            550
34    farmer_\x84           2220
35    farmer_\x85            800
36    farmer_\x86           2950
38    farmer_\x88            507
40    farmer_\x8a            600
42    farmer_\x8c            844
43    farmer_\x8d            544
44    farmer_\x8e            607
45    farmer_\x8f           1110
46    farmer_\x90            555
47    farmer_\x91            647
50    farmer_\x94            621
51    farmer_\x95            178
52    farmer_\x96            907
53    farmer_\x97            514
54    farmer_\x98            342
[ 2025-02-03 16:58:44,857 ] 158 root - ERROR - Species count mismatch:    farmer_name  total_species_distributed  trees_planted
0     farmer_b                        371            370
1     farmer_c                        509            518
2     farmer_d                        662            660
3     farmer_e                       1094           1100
5     farmer_g                        377            375
10    farmer_l                        523            525
14    farmer_p                        367            407
18    farmer_t                        271            273
19    farmer_u                        625            630
20    farmer_v                        736            700
21    farmer_w                        380            350
22    farmer_x                        542            572
23    farmer_y                       1165           1200
24    farmer_z                       1571           1600
25    farmer_{                        681            700
26    farmer_|                        466            483
27    farmer_}                        678            500
28    farmer_~                        680            700
31    farmer_\x81                        766            800
35    farmer_\x85                        766            800
38    farmer_\x88                        481            507
39    farmer_\x89                        386            400
42    farmer_\x8c                        592            844
43    farmer_\x8d                        481            544
44    farmer_\x8e                        350            607
48    farmer_\x92                        401            420
49    farmer_\x93                        389            415
50    farmer_\x94                        588            621
51    farmer_\x95                        166            178
[ 2025-02-03 16:58:44,866 ] 167 root - INFO - Failed data saved to artifacts/failed_data.csv
[ 2025-02-03 16:58:44,866 ] 171 root - INFO - Removed 55 invalid records from the clean dataset.
[ 2025-02-03 16:58:44,869 ] 179 root - INFO - Clean data saved to artifacts/cleaned_data.csv
[ 2025-02-03 16:58:44,870 ] 197 root - INFO - Data quality checks completed.
[ 2025-02-03 16:58:44,875 ] 11 root - INFO - Plotting Total Land Area vs Plantation Area
[ 2025-02-03 16:58:45,209 ] 22 root - INFO - Plotting Water and Electricity Availability Distribution
[ 2025-02-03 16:58:45,661 ] 48 root - INFO - Plotting Plantation Trend Over Time
[ 2025-02-03 16:58:46,268 ] 126 root - INFO - Plotting Top 5 Tree Species Planted
[ 2025-02-03 16:58:46,672 ] 101 root - INFO - Plotting Payment Distribution among Farmers
[ 2025-02-03 16:58:46,898 ] 77 root - INFO - Calculating Amount Collected by Each Mode
[ 2025-02-03 16:58:47,339 ] 155 root - INFO - Plotting CC Training Distribution
[ 2025-02-03 16:58:55,108 ] 184 root - INFO - Starting data quality checks...
[ 2025-02-03 16:58:55,115 ] 121 root - ERROR - Invalid date detected in 'farmer_payment_date': Rows [0, 1, 2, 3, 4, 5, 6, 7, 8, 9, 10, 11, 12, 13, 14, 15, 16, 17, 18, 19]
[ 2025-02-03 16:58:55,118 ] 121 root - ERROR - Invalid date detected in 'contract_date': Rows [0, 1, 2, 3, 4, 5, 6, 7, 8, 9, 10, 11, 12, 13, 14, 15, 16, 17, 18, 19, 20, 21, 22, 23, 24, 25, 26, 27, 28, 29, 30, 31, 32, 33, 34, 35, 36, 37, 38, 39, 40, 41, 42, 43, 44, 45, 46, 47, 48, 49, 50, 51, 52, 53, 54]
[ 2025-02-03 16:58:55,121 ] 121 root - ERROR - Invalid date detected in 'plantation_date': Rows [0, 1, 2, 3, 4, 5, 6, 7, 8, 9, 10, 11, 12, 13, 14, 15, 16, 17, 18, 19, 20, 21, 22, 23, 24, 25, 26, 27, 30, 31, 32, 33, 34, 35, 36, 37, 38, 39, 40, 41, 42, 43, 44, 45, 46, 47, 48, 49, 50, 51, 52, 53, 54]
[ 2025-02-03 16:58:55,126 ] 121 root - ERROR - Invalid date detected in 'cc_training_date': Rows [0, 1, 2, 3, 4, 5, 6, 7, 8, 9, 10, 11, 12, 13, 14, 15, 16, 17, 18, 19, 20, 21, 22, 23, 24, 25, 26, 27, 28, 29, 30, 31, 32, 33, 34, 35, 36, 37, 38, 39, 40, 41, 42, 43, 44, 45, 46, 47, 48, 49, 50, 51, 52, 53, 54]
[ 2025-02-03 16:58:55,133 ] 53 root - ERROR - Land area inconsistencies found:    farmer_name  total_land_area_acre
1     farmer_c                     5
20    farmer_v                     5
48    farmer_\x92                     8
[ 2025-02-03 16:58:55,141 ] 133 root - ERROR - Contract uploaded but payment not collected:    farmer_name
20    farmer_v
21    farmer_w
22    farmer_x
23    farmer_y
24    farmer_z
25    farmer_{
26    farmer_|
27    farmer_}
28    farmer_~
29    farmer_
30    farmer_\x80
31    farmer_\x81
32    farmer_\x82
33    farmer_\x83
34    farmer_\x84
35    farmer_\x85
36    farmer_\x86
37    farmer_\x87
38    farmer_\x88
39    farmer_\x89
40    farmer_\x8a
41    farmer_\x8b
42    farmer_\x8c
43    farmer_\x8d
44    farmer_\x8e
45    farmer_\x8f
46    farmer_\x90
47    farmer_\x91
48    farmer_\x92
49    farmer_\x93
50    farmer_\x94
51    farmer_\x95
52    farmer_\x96
53    farmer_\x97
54    farmer_\x98
[ 2025-02-03 16:58:55,154 ] 140 root - ERROR - Invalid trees planted count:    farmer_name  trees_planted
1     farmer_c            518
2     farmer_d            660
3     farmer_e           1100
4     farmer_f            895
6     farmer_h            738
7     farmer_i           1453
10    farmer_l            525
11    farmer_m            458
12    farmer_n            146
13    farmer_o            505
15    farmer_q            543
18    farmer_t            273
19    farmer_u            630
20    farmer_v            700
22    farmer_x            572
23    farmer_y           1200
24    farmer_z           1600
25    farmer_{            700
26    farmer_|            483
27    farmer_}            500
28    farmer_~            700
31    farmer_\x81            800
32    farmer_\x82            920
33    farmer_\x83            550
34    farmer_\x84           2220
35    farmer_\x85            800
36    farmer_\x86           2950
38    farmer_\x88            507
40    farmer_\x8a            600
42    farmer_\x8c            844
43    farmer_\x8d            544
44    farmer_\x8e            607
45    farmer_\x8f           1110
46    farmer_\x90            555
47    farmer_\x91            647
50    farmer_\x94            621
51    farmer_\x95            178
52    farmer_\x96            907
53    farmer_\x97            514
54    farmer_\x98            342
[ 2025-02-03 16:58:55,162 ] 158 root - ERROR - Species count mismatch:    farmer_name  total_species_distributed  trees_planted
0     farmer_b                        371            370
1     farmer_c                        509            518
2     farmer_d                        662            660
3     farmer_e                       1094           1100
5     farmer_g                        377            375
10    farmer_l                        523            525
14    farmer_p                        367            407
18    farmer_t                        271            273
19    farmer_u                        625            630
20    farmer_v                        736            700
21    farmer_w                        380            350
22    farmer_x                        542            572
23    farmer_y                       1165           1200
24    farmer_z                       1571           1600
25    farmer_{                        681            700
26    farmer_|                        466            483
27    farmer_}                        678            500
28    farmer_~                        680            700
31    farmer_\x81                        766            800
35    farmer_\x85                        766            800
38    farmer_\x88                        481            507
39    farmer_\x89                        386            400
42    farmer_\x8c                        592            844
43    farmer_\x8d                        481            544
44    farmer_\x8e                        350            607
48    farmer_\x92                        401            420
49    farmer_\x93                        389            415
50    farmer_\x94                        588            621
51    farmer_\x95                        166            178
[ 2025-02-03 16:58:55,171 ] 167 root - INFO - Failed data saved to artifacts/failed_data.csv
[ 2025-02-03 16:58:55,171 ] 171 root - INFO - Removed 55 invalid records from the clean dataset.
[ 2025-02-03 16:58:55,175 ] 179 root - INFO - Clean data saved to artifacts/cleaned_data.csv
[ 2025-02-03 16:58:55,175 ] 197 root - INFO - Data quality checks completed.
[ 2025-02-03 16:58:55,184 ] 11 root - INFO - Plotting Total Land Area vs Plantation Area
[ 2025-02-03 16:58:55,504 ] 22 root - INFO - Plotting Water and Electricity Availability Distribution
[ 2025-02-03 16:58:55,925 ] 48 root - INFO - Plotting Plantation Trend Over Time
[ 2025-02-03 16:58:56,519 ] 126 root - INFO - Plotting Top 5 Tree Species Planted
[ 2025-02-03 16:58:56,901 ] 101 root - INFO - Plotting Payment Distribution among Farmers
[ 2025-02-03 16:58:57,120 ] 77 root - INFO - Calculating Amount Collected by Each Mode
[ 2025-02-03 16:58:57,438 ] 155 root - INFO - Plotting CC Training Distribution
[ 2025-02-03 16:59:26,005 ] 184 root - INFO - Starting data quality checks...
[ 2025-02-03 16:59:26,007 ] 121 root - ERROR - Invalid date detected in 'farmer_payment_date': Rows [0, 1, 2, 3, 4, 5, 6, 7, 8, 9, 10, 11, 12, 13, 14, 15, 16, 17, 18, 19]
[ 2025-02-03 16:59:26,008 ] 121 root - ERROR - Invalid date detected in 'contract_date': Rows [0, 1, 2, 3, 4, 5, 6, 7, 8, 9, 10, 11, 12, 13, 14, 15, 16, 17, 18, 19, 20, 21, 22, 23, 24, 25, 26, 27, 28, 29, 30, 31, 32, 33, 34, 35, 36, 37, 38, 39, 40, 41, 42, 43, 44, 45, 46, 47, 48, 49, 50, 51, 52, 53, 54]
[ 2025-02-03 16:59:26,009 ] 121 root - ERROR - Invalid date detected in 'plantation_date': Rows [0, 1, 2, 3, 4, 5, 6, 7, 8, 9, 10, 11, 12, 13, 14, 15, 16, 17, 18, 19, 20, 21, 22, 23, 24, 25, 26, 27, 30, 31, 32, 33, 34, 35, 36, 37, 38, 39, 40, 41, 42, 43, 44, 45, 46, 47, 48, 49, 50, 51, 52, 53, 54]
[ 2025-02-03 16:59:26,010 ] 121 root - ERROR - Invalid date detected in 'cc_training_date': Rows [0, 1, 2, 3, 4, 5, 6, 7, 8, 9, 10, 11, 12, 13, 14, 15, 16, 17, 18, 19, 20, 21, 22, 23, 24, 25, 26, 27, 28, 29, 30, 31, 32, 33, 34, 35, 36, 37, 38, 39, 40, 41, 42, 43, 44, 45, 46, 47, 48, 49, 50, 51, 52, 53, 54]
[ 2025-02-03 16:59:26,013 ] 53 root - ERROR - Land area inconsistencies found:    farmer_name  total_land_area_acre
1     farmer_c                     5
20    farmer_v                     5
48    farmer_\x92                     8
[ 2025-02-03 16:59:26,018 ] 133 root - ERROR - Contract uploaded but payment not collected:    farmer_name
20    farmer_v
21    farmer_w
22    farmer_x
23    farmer_y
24    farmer_z
25    farmer_{
26    farmer_|
27    farmer_}
28    farmer_~
29    farmer_
30    farmer_\x80
31    farmer_\x81
32    farmer_\x82
33    farmer_\x83
34    farmer_\x84
35    farmer_\x85
36    farmer_\x86
37    farmer_\x87
38    farmer_\x88
39    farmer_\x89
40    farmer_\x8a
41    farmer_\x8b
42    farmer_\x8c
43    farmer_\x8d
44    farmer_\x8e
45    farmer_\x8f
46    farmer_\x90
47    farmer_\x91
48    farmer_\x92
49    farmer_\x93
50    farmer_\x94
51    farmer_\x95
52    farmer_\x96
53    farmer_\x97
54    farmer_\x98
[ 2025-02-03 16:59:26,021 ] 140 root - ERROR - Invalid trees planted count:    farmer_name  trees_planted
1     farmer_c            518
2     farmer_d            660
3     farmer_e           1100
4     farmer_f            895
6     farmer_h            738
7     farmer_i           1453
10    farmer_l            525
11    farmer_m            458
12    farmer_n            146
13    farmer_o            505
15    farmer_q            543
18    farmer_t            273
19    farmer_u            630
20    farmer_v            700
22    farmer_x            572
23    farmer_y           1200
24    farmer_z           1600
25    farmer_{            700
26    farmer_|            483
27    farmer_}            500
28    farmer_~            700
31    farmer_\x81            800
32    farmer_\x82            920
33    farmer_\x83            550
34    farmer_\x84           2220
35    farmer_\x85            800
36    farmer_\x86           2950
38    farmer_\x88            507
40    farmer_\x8a            600
42    farmer_\x8c            844
43    farmer_\x8d            544
44    farmer_\x8e            607
45    farmer_\x8f           1110
46    farmer_\x90            555
47    farmer_\x91            647
50    farmer_\x94            621
51    farmer_\x95            178
52    farmer_\x96            907
53    farmer_\x97            514
54    farmer_\x98            342
[ 2025-02-03 16:59:26,025 ] 158 root - ERROR - Species count mismatch:    farmer_name  total_species_distributed  trees_planted
0     farmer_b                        371            370
1     farmer_c                        509            518
2     farmer_d                        662            660
3     farmer_e                       1094           1100
5     farmer_g                        377            375
10    farmer_l                        523            525
14    farmer_p                        367            407
18    farmer_t                        271            273
19    farmer_u                        625            630
20    farmer_v                        736            700
21    farmer_w                        380            350
22    farmer_x                        542            572
23    farmer_y                       1165           1200
24    farmer_z                       1571           1600
25    farmer_{                        681            700
26    farmer_|                        466            483
27    farmer_}                        678            500
28    farmer_~                        680            700
31    farmer_\x81                        766            800
35    farmer_\x85                        766            800
38    farmer_\x88                        481            507
39    farmer_\x89                        386            400
42    farmer_\x8c                        592            844
43    farmer_\x8d                        481            544
44    farmer_\x8e                        350            607
48    farmer_\x92                        401            420
49    farmer_\x93                        389            415
50    farmer_\x94                        588            621
51    farmer_\x95                        166            178
[ 2025-02-03 16:59:26,028 ] 167 root - INFO - Failed data saved to artifacts/failed_data.csv
[ 2025-02-03 16:59:26,028 ] 171 root - INFO - Removed 55 invalid records from the clean dataset.
[ 2025-02-03 16:59:26,030 ] 179 root - INFO - Clean data saved to artifacts/cleaned_data.csv
[ 2025-02-03 16:59:26,030 ] 197 root - INFO - Data quality checks completed.
[ 2025-02-03 16:59:26,032 ] 11 root - INFO - Plotting Total Land Area vs Plantation Area
[ 2025-02-03 16:59:26,147 ] 22 root - INFO - Plotting Water and Electricity Availability Distribution
[ 2025-02-03 16:59:26,301 ] 48 root - INFO - Plotting Plantation Trend Over Time
[ 2025-02-03 16:59:26,508 ] 126 root - INFO - Plotting Top 5 Tree Species Planted
[ 2025-02-03 16:59:26,652 ] 101 root - INFO - Plotting Payment Distribution among Farmers
[ 2025-02-03 16:59:26,736 ] 77 root - INFO - Calculating Amount Collected by Each Mode
[ 2025-02-03 16:59:26,894 ] 155 root - INFO - Plotting CC Training Distribution
