[ 2025-02-03 17:07:28,685 ] 98 root - INFO - Displaying Data Table with Top 10 Rows
[ 2025-02-03 17:07:28,692 ] 184 root - INFO - Starting data quality checks...
[ 2025-02-03 17:07:28,695 ] 121 root - ERROR - Invalid date detected in 'farmer_payment_date': Rows [0, 1, 2, 3, 4, 5, 6, 7, 8, 9, 10, 11, 12, 13, 14, 15, 16, 17, 18, 19]
[ 2025-02-03 17:07:28,696 ] 121 root - ERROR - Invalid date detected in 'contract_date': Rows [0, 1, 2, 3, 4, 5, 6, 7, 8, 9, 10, 11, 12, 13, 14, 15, 16, 17, 18, 19, 20, 21, 22, 23, 24, 25, 26, 27, 28, 29, 30, 31, 32, 33, 34, 35, 36, 37, 38, 39, 40, 41, 42, 43, 44, 45, 46, 47, 48, 49, 50, 51, 52, 53, 54]
[ 2025-02-03 17:07:28,697 ] 121 root - ERROR - Invalid date detected in 'plantation_date': Rows [0, 1, 2, 3, 4, 5, 6, 7, 8, 9, 10, 11, 12, 13, 14, 15, 16, 17, 18, 19, 20, 21, 22, 23, 24, 25, 26, 27, 30, 31, 32, 33, 34, 35, 36, 37, 38, 39, 40, 41, 42, 43, 44, 45, 46, 47, 48, 49, 50, 51, 52, 53, 54]
[ 2025-02-03 17:07:28,698 ] 121 root - ERROR - Invalid date detected in 'cc_training_date': Rows [0, 1, 2, 3, 4, 5, 6, 7, 8, 9, 10, 11, 12, 13, 14, 15, 16, 17, 18, 19, 20, 21, 22, 23, 24, 25, 26, 27, 28, 29, 30, 31, 32, 33, 34, 35, 36, 37, 38, 39, 40, 41, 42, 43, 44, 45, 46, 47, 48, 49, 50, 51, 52, 53, 54]
[ 2025-02-03 17:07:28,701 ] 53 root - ERROR - Land area inconsistencies found:    farmer_name  total_land_area_acre
1     farmer_c                     5
20    farmer_v                     5
48    farmer_\x92                     8
[ 2025-02-03 17:07:28,706 ] 133 root - ERROR - Contract uploaded but payment not collected:    farmer_name
20    farmer_v
21    farmer_w
22    farmer_x
23    farmer_y
24    farmer_z
25    farmer_{
26    farmer_|
27    farmer_}
28    farmer_~
29    farmer_
30    farmer_\x80
31    farmer_\x81
32    farmer_\x82
33    farmer_\x83
34    farmer_\x84
35    farmer_\x85
36    farmer_\x86
37    farmer_\x87
38    farmer_\x88
39    farmer_\x89
40    farmer_\x8a
41    farmer_\x8b
42    farmer_\x8c
43    farmer_\x8d
44    farmer_\x8e
45    farmer_\x8f
46    farmer_\x90
47    farmer_\x91
48    farmer_\x92
49    farmer_\x93
50    farmer_\x94
51    farmer_\x95
52    farmer_\x96
53    farmer_\x97
54    farmer_\x98
[ 2025-02-03 17:07:28,709 ] 140 root - ERROR - Invalid trees planted count:    farmer_name  trees_planted
1     farmer_c            518
2     farmer_d            660
3     farmer_e           1100
4     farmer_f            895
6     farmer_h            738
7     farmer_i           1453
10    farmer_l            525
11    farmer_m            458
12    farmer_n            146
13    farmer_o            505
15    farmer_q            543
18    farmer_t            273
19    farmer_u            630
20    farmer_v            700
22    farmer_x            572
23    farmer_y           1200
24    farmer_z           1600
25    farmer_{            700
26    farmer_|            483
27    farmer_}            500
28    farmer_~            700
31    farmer_\x81            800
32    farmer_\x82            920
33    farmer_\x83            550
34    farmer_\x84           2220
35    farmer_\x85            800
36    farmer_\x86           2950
38    farmer_\x88            507
40    farmer_\x8a            600
42    farmer_\x8c            844
43    farmer_\x8d            544
44    farmer_\x8e            607
45    farmer_\x8f           1110
46    farmer_\x90            555
47    farmer_\x91            647
50    farmer_\x94            621
51    farmer_\x95            178
52    farmer_\x96            907
53    farmer_\x97            514
54    farmer_\x98            342
[ 2025-02-03 17:07:28,713 ] 158 root - ERROR - Species count mismatch:    farmer_name  total_species_distributed  trees_planted
0     farmer_b                        371            370
1     farmer_c                        509            518
2     farmer_d                        662            660
3     farmer_e                       1094           1100
5     farmer_g                        377            375
10    farmer_l                        523            525
14    farmer_p                        367            407
18    farmer_t                        271            273
19    farmer_u                        625            630
20    farmer_v                        736            700
21    farmer_w                        380            350
22    farmer_x                        542            572
23    farmer_y                       1165           1200
24    farmer_z                       1571           1600
25    farmer_{                        681            700
26    farmer_|                        466            483
27    farmer_}                        678            500
28    farmer_~                        680            700
31    farmer_\x81                        766            800
35    farmer_\x85                        766            800
38    farmer_\x88                        481            507
39    farmer_\x89                        386            400
42    farmer_\x8c                        592            844
43    farmer_\x8d                        481            544
44    farmer_\x8e                        350            607
48    farmer_\x92                        401            420
49    farmer_\x93                        389            415
50    farmer_\x94                        588            621
51    farmer_\x95                        166            178
[ 2025-02-03 17:07:28,716 ] 167 root - INFO - Failed data saved to artifacts/failed_data.csv
[ 2025-02-03 17:07:28,716 ] 171 root - INFO - Removed 55 invalid records from the clean dataset.
[ 2025-02-03 17:07:28,718 ] 179 root - INFO - Clean data saved to artifacts/cleaned_data.csv
[ 2025-02-03 17:07:28,718 ] 197 root - INFO - Data quality checks completed.
[ 2025-02-03 17:07:28,850 ] 11 root - INFO - Plotting Total Land Area vs Plantation Area
[ 2025-02-03 17:07:29,003 ] 22 root - INFO - Plotting Water and Electricity Availability Distribution
[ 2025-02-03 17:07:29,174 ] 48 root - INFO - Plotting Plantation Trend Over Time
[ 2025-02-03 17:07:29,391 ] 126 root - INFO - Plotting Top 5 Tree Species Planted
[ 2025-02-03 17:07:29,541 ] 101 root - INFO - Plotting Payment Distribution among Farmers
[ 2025-02-03 17:07:29,631 ] 77 root - INFO - Calculating Amount Collected by Each Mode
[ 2025-02-03 17:07:29,823 ] 155 root - INFO - Plotting CC Training Distribution
